<?xml version="1.0" encoding="UTF-8"?>
<!-- Generated by org.testng.reporters.JUnitReportReporter -->
<testsuite hostname="Shubhankar" failures="0" tests="10" name="nopCommerce.DataProvider" time="73.974" errors="0" timestamp="29 Jan 2024 12:00:48 GMT">
  <testcase classname="nopCommerce.DataProvider" name="register" time="7.356"/>
  <testcase classname="nopCommerce.DataProvider" name="register" time="6.922"/>
  <testcase classname="nopCommerce.DataProvider" name="register" time="8.461"/>
  <testcase classname="nopCommerce.DataProvider" name="register" time="7.086"/>
  <testcase classname="nopCommerce.DataProvider" name="register" time="8.532"/>
  <testcase classname="nopCommerce.DataProvider" name="register" time="6.844"/>
  <testcase classname="nopCommerce.DataProvider" name="register" time="6.614"/>
  <testcase classname="nopCommerce.DataProvider" name="register" time="7.500"/>
  <testcase classname="nopCommerce.DataProvider" name="register" time="5.387"/>
  <testcase classname="nopCommerce.DataProvider" name="register" time="9.272"/>
</testsuite> <!-- nopCommerce.DataProvider -->
