<?xml version="1.0" encoding="UTF-8"?>
<!-- Generated by org.testng.reporters.JUnitReportReporter -->
<testsuite hostname="Shubhankar" failures="0" tests="3" name="extentReport.ExtentReport1" time="16.122" errors="0" timestamp="22 Jan 2024 08:00:38 GMT">
  <testcase classname="extentReport.ExtentReport1" name="sendValue" time="7.078"/>
  <testcase classname="extentReport.ExtentReport1" name="RadioButton" time="4.603"/>
  <testcase classname="extentReport.ExtentReport1" name="scrolling" time="4.441"/>
</testsuite> <!-- extentReport.ExtentReport1 -->
