<?xml version="1.0" encoding="UTF-8"?>
<!-- Generated by org.testng.reporters.JUnitReportReporter -->
<testsuite hostname="Shubhankar" failures="0" tests="3" name="nopCommerce.Accessories" time="21.316" errors="0" timestamp="1 Mar 2024 18:19:13 GMT">
  <testcase classname="nopCommerce.Accessories" name="product3" time="8.134"/>
  <testcase classname="nopCommerce.Accessories" name="product2" time="6.494"/>
  <testcase classname="nopCommerce.Accessories" name="product1" time="6.688"/>
</testsuite> <!-- nopCommerce.Accessories -->
