<?xml version="1.0" encoding="UTF-8"?>
<!-- Generated by org.testng.reporters.JUnitReportReporter -->
<testsuite hostname="Shubhankar" failures="0" tests="4" name="nopCommerce.FullScript" time="36.694" errors="0" timestamp="29 Jan 2024 12:03:54 GMT">
  <testcase classname="nopCommerce.FullScript" name="clothing" time="9.065"/>
  <testcase classname="nopCommerce.FullScript" name="Register" time="8.127"/>
  <testcase classname="nopCommerce.FullScript" name="accessories" time="10.018"/>
  <testcase classname="nopCommerce.FullScript" name="shoes" time="9.484"/>
</testsuite> <!-- nopCommerce.FullScript -->
