<?xml version="1.0" encoding="UTF-8"?>
<!-- Generated by org.testng.reporters.JUnitReportReporter -->
<testsuite hostname="Shubhankar" failures="0" tests="1" name="nopCommerce.findElements" time="0.218" errors="0" timestamp="2 Feb 2024 07:11:09 GMT">
  <testcase classname="nopCommerce.findElements" name="elements" time="0.218"/>
</testsuite> <!-- nopCommerce.findElements -->
