<?xml version="1.0" encoding="UTF-8"?>
<!-- Generated by org.testng.reporters.JUnitReportReporter -->
<testsuite hostname="Shubhankar" failures="0" tests="3" name="nopCommerce.Accessories" time="28.351" errors="0" timestamp="28 Jan 2024 18:21:21 GMT">
  <testcase classname="nopCommerce.Accessories" name="product1" time="12.124"/>
  <testcase classname="nopCommerce.Accessories" name="product3" time="8.809"/>
  <testcase classname="nopCommerce.Accessories" name="product2" time="7.418"/>
</testsuite> <!-- nopCommerce.Accessories -->
