<?xml version="1.0" encoding="UTF-8"?>
<!-- Generated by org.testng.reporters.JUnitReportReporter -->
<testsuite hostname="Shubhankar" failures="0" tests="1" name="nopCommerce.RegisterFunctionality" time="4.961" errors="0" timestamp="26 Jan 2024 20:22:06 GMT">
  <testcase classname="nopCommerce.RegisterFunctionality" name="Register" time="4.961"/>
</testsuite> <!-- nopCommerce.RegisterFunctionality -->
