<?xml version="1.0" encoding="UTF-8"?>
<!-- Generated by org.testng.reporters.JUnitReportReporter -->
<testsuite hostname="Shubhankar" failures="0" tests="1" name="evaluation.DataDriven" time="1.559" errors="0" timestamp="20 Jan 2024 10:14:30 GMT">
  <testcase classname="evaluation.DataDriven" name="login" time="1.559"/>
</testsuite> <!-- evaluation.DataDriven -->
