<?xml version="1.0" encoding="UTF-8"?>
<!-- Generated by org.testng.reporters.JUnitReportReporter -->
<testsuite hostname="Shubhankar" failures="0" tests="2" name="day6.TestNGGroup" time="0.232" errors="0" timestamp="17 Jan 2024 11:26:03 GMT">
  <testcase classname="day6.TestNGGroup" name="sendValue" time="0.084"/>
  <testcase classname="day6.TestNGGroup" name="RadioButton" time="0.148"/>
</testsuite> <!-- day6.TestNGGroup -->
